
 *** In  parser
Token table:
Text	Token
--------------------------
id	258
number	259
:=	260
undef	263
predef	261
tempty	262
error	264
type	265
$	36
(	40
)	41
*	42
+	43
,	44
-	45
.	46
/	47
:	58
;	59
=	61
TERROR	-1

Keyword table:
Keyword	Token
--------------------------
program	268
input	269
output	270
var	271
begin	272
end	273
boolean	274
integer	275
real	276
KERROR	-1

 *** In  program_header
 --------In match expected:  268, found:  268
 --------In match expected:  258, found:  258
 --------In match expected:   40, found:   40
 --------In match expected:  269, found:  269
 --------In match expected:   44, found:   44
 --------In match expected:  270, found:  270
 --------In match expected:   41, found:   41
 --------In match expected:   59, found:   59 
 Parse Successful! 
